This file contains any messages produced by compilers while
running configure, to aid debugging if configure makes a mistake.

It was created by ICU configure 64.2, which was
generated by GNU Autoconf 2.69.  Invocation command line was

  $ /mnt/extra/worksapce/github/jsc-android-buildscripts/build/target/icu/source//configure --prefix=/mnt/extra/worksapce/github/jsc-android-buildscripts/build/target/icu/host/prebuilts CFLAGS=-Os CXXFLAGS=--std=c++11 --disable-tests --disable-samples --disable-layout --disable-layoutex

## --------- ##
## Platform. ##
## --------- ##

hostname = sanyinchen
uname -m = x86_64
uname -r = 6.11.0-24-generic
uname -s = Linux
uname -v = #24~24.04.1-Ubuntu SMP PREEMPT_DYNAMIC Tue Mar 25 20:14:34 UTC 2

/usr/bin/uname -p = x86_64
/bin/uname -X     = unknown

/bin/arch              = x86_64
/usr/bin/arch -k       = unknown
/usr/convex/getsysinfo = unknown
/usr/bin/hostinfo      = unknown
/bin/machine           = unknown
/usr/bin/oslevel       = unknown
/bin/universe          = unknown

PATH: /mnt/extra/worksapce/github/jsc-android-buildscripts/node_modules/.bin
PATH: /mnt/extra/worksapce/github/node_modules/.bin
PATH: /mnt/extra/worksapce/node_modules/.bin
PATH: /mnt/extra/node_modules/.bin
PATH: /mnt/node_modules/.bin
PATH: /node_modules/.bin
PATH: /home/sanyinchen/.nvm/versions/node/v22.16.0/lib/node_modules/npm/node_modules/@npmcli/run-script/lib/node-gyp-bin
PATH: /home/sanyinchen/.nvm/versions/node/v22.16.0/bin
PATH: /usr/local/sbin
PATH: /usr/local/bin
PATH: /usr/sbin
PATH: /usr/bin
PATH: /sbin
PATH: /bin
PATH: /usr/games
PATH: /usr/local/games
PATH: /snap/bin
PATH: /snap/bin
PATH: /mnt/extra/worksapce/github/jsc-android-buildscripts/node_modules/.bin
PATH: /home/sanyinchen/Android/Sdk/platform-tools


## ----------- ##
## Core tests. ##
## ----------- ##

configure:2634: checking for ICU version numbers
configure:2667: result: release 64.2, library 64.2, unicode version 12.1
configure:2706: checking build system type
configure:2720: result: x86_64-pc-linux-gnu
configure:2740: checking host system type
configure:2753: result: x86_64-pc-linux-gnu
configure:2811: checking whether to build debug libraries
configure:2823: result: no
configure:2828: checking whether to build release libraries
configure:2840: result: yes
configure:2903: checking for clang
configure:2933: result: no
configure:2903: checking for gcc
configure:2919: found /usr/bin/gcc
configure:2930: result: gcc
configure:2961: checking for C compiler version
configure:2970: gcc --version >&5
gcc (Ubuntu 13.3.0-6ubuntu2~24.04) 13.3.0
Copyright (C) 2023 Free Software Foundation, Inc.
This is free software; see the source for copying conditions.  There is NO
warranty; not even for MERCHANTABILITY or FITNESS FOR A PARTICULAR PURPOSE.

configure:2981: $? = 0
configure:2970: gcc -v >&5
Using built-in specs.
COLLECT_GCC=gcc
COLLECT_LTO_WRAPPER=/usr/libexec/gcc/x86_64-linux-gnu/13/lto-wrapper
OFFLOAD_TARGET_NAMES=nvptx-none:amdgcn-amdhsa
OFFLOAD_TARGET_DEFAULT=1
Target: x86_64-linux-gnu
Configured with: ../src/configure -v --with-pkgversion='Ubuntu 13.3.0-6ubuntu2~24.04' --with-bugurl=file:///usr/share/doc/gcc-13/README.Bugs --enable-languages=c,ada,c++,go,d,fortran,objc,obj-c++,m2 --prefix=/usr --with-gcc-major-version-only --program-suffix=-13 --program-prefix=x86_64-linux-gnu- --enable-shared --enable-linker-build-id --libexecdir=/usr/libexec --without-included-gettext --enable-threads=posix --libdir=/usr/lib --enable-nls --enable-bootstrap --enable-clocale=gnu --enable-libstdcxx-debug --enable-libstdcxx-time=yes --with-default-libstdcxx-abi=new --enable-libstdcxx-backtrace --enable-gnu-unique-object --disable-vtable-verify --enable-plugin --enable-default-pie --with-system-zlib --enable-libphobos-checking=release --with-target-system-zlib=auto --enable-objc-gc=auto --enable-multiarch --disable-werror --enable-cet --with-arch-32=i686 --with-abi=m64 --with-multilib-list=m32,m64,mx32 --enable-multilib --with-tune=generic --enable-offload-targets=nvptx-none=/build/gcc-13-fG75Ri/gcc-13-13.3.0/debian/tmp-nvptx/usr,amdgcn-amdhsa=/build/gcc-13-fG75Ri/gcc-13-13.3.0/debian/tmp-gcn/usr --enable-offload-defaulted --without-cuda-driver --enable-checking=release --build=x86_64-linux-gnu --host=x86_64-linux-gnu --target=x86_64-linux-gnu --with-build-config=bootstrap-lto-lean --enable-link-serialization=2
Thread model: posix
Supported LTO compression algorithms: zlib zstd
gcc version 13.3.0 (Ubuntu 13.3.0-6ubuntu2~24.04) 
... rest of stderr output deleted ...
configure:2981: $? = 0
configure:2970: gcc -V >&5
gcc: error: unrecognized command-line option '-V'
gcc: fatal error: no input files
compilation terminated.
configure:2981: $? = 1
configure:2970: gcc -qversion >&5
gcc: error: unrecognized command-line option '-qversion'; did you mean '--version'?
gcc: fatal error: no input files
compilation terminated.
configure:2981: $? = 1
configure:3001: checking whether the C compiler works
configure:3023: gcc -Os   conftest.c  >&5
configure:3027: $? = 0
configure:3075: result: yes
configure:3078: checking for C compiler default output file name
configure:3080: result: a.out
configure:3086: checking for suffix of executables
configure:3093: gcc -o conftest -Os   conftest.c  >&5
configure:3097: $? = 0
configure:3119: result: 
configure:3141: checking whether we are cross compiling
configure:3149: gcc -o conftest -Os   conftest.c  >&5
configure:3153: $? = 0
configure:3160: ./conftest
configure:3164: $? = 0
configure:3179: result: no
configure:3184: checking for suffix of object files
configure:3206: gcc -c -Os  conftest.c >&5
configure:3210: $? = 0
configure:3231: result: o
configure:3235: checking whether we are using the GNU C compiler
configure:3254: gcc -c -Os  conftest.c >&5
configure:3254: $? = 0
configure:3263: result: yes
configure:3272: checking whether gcc accepts -g
configure:3292: gcc -c -g  conftest.c >&5
configure:3292: $? = 0
configure:3333: result: yes
configure:3350: checking for gcc option to accept ISO C89
configure:3413: gcc  -c -Os  conftest.c >&5
configure:3413: $? = 0
configure:3426: result: none needed
configure:3506: checking for clang++
configure:3536: result: no
configure:3506: checking for g++
configure:3522: found /usr/bin/g++
configure:3533: result: g++
configure:3560: checking for C++ compiler version
configure:3569: g++ --version >&5
g++ (Ubuntu 13.3.0-6ubuntu2~24.04) 13.3.0
Copyright (C) 2023 Free Software Foundation, Inc.
This is free software; see the source for copying conditions.  There is NO
warranty; not even for MERCHANTABILITY or FITNESS FOR A PARTICULAR PURPOSE.

configure:3580: $? = 0
configure:3569: g++ -v >&5
Using built-in specs.
COLLECT_GCC=g++
COLLECT_LTO_WRAPPER=/usr/libexec/gcc/x86_64-linux-gnu/13/lto-wrapper
OFFLOAD_TARGET_NAMES=nvptx-none:amdgcn-amdhsa
OFFLOAD_TARGET_DEFAULT=1
Target: x86_64-linux-gnu
Configured with: ../src/configure -v --with-pkgversion='Ubuntu 13.3.0-6ubuntu2~24.04' --with-bugurl=file:///usr/share/doc/gcc-13/README.Bugs --enable-languages=c,ada,c++,go,d,fortran,objc,obj-c++,m2 --prefix=/usr --with-gcc-major-version-only --program-suffix=-13 --program-prefix=x86_64-linux-gnu- --enable-shared --enable-linker-build-id --libexecdir=/usr/libexec --without-included-gettext --enable-threads=posix --libdir=/usr/lib --enable-nls --enable-bootstrap --enable-clocale=gnu --enable-libstdcxx-debug --enable-libstdcxx-time=yes --with-default-libstdcxx-abi=new --enable-libstdcxx-backtrace --enable-gnu-unique-object --disable-vtable-verify --enable-plugin --enable-default-pie --with-system-zlib --enable-libphobos-checking=release --with-target-system-zlib=auto --enable-objc-gc=auto --enable-multiarch --disable-werror --enable-cet --with-arch-32=i686 --with-abi=m64 --with-multilib-list=m32,m64,mx32 --enable-multilib --with-tune=generic --enable-offload-targets=nvptx-none=/build/gcc-13-fG75Ri/gcc-13-13.3.0/debian/tmp-nvptx/usr,amdgcn-amdhsa=/build/gcc-13-fG75Ri/gcc-13-13.3.0/debian/tmp-gcn/usr --enable-offload-defaulted --without-cuda-driver --enable-checking=release --build=x86_64-linux-gnu --host=x86_64-linux-gnu --target=x86_64-linux-gnu --with-build-config=bootstrap-lto-lean --enable-link-serialization=2
Thread model: posix
Supported LTO compression algorithms: zlib zstd
gcc version 13.3.0 (Ubuntu 13.3.0-6ubuntu2~24.04) 
... rest of stderr output deleted ...
configure:3580: $? = 0
configure:3569: g++ -V >&5
g++: error: unrecognized command-line option '-V'
g++: fatal error: no input files
compilation terminated.
configure:3580: $? = 1
configure:3569: g++ -qversion >&5
g++: error: unrecognized command-line option '-qversion'; did you mean '--version'?
g++: fatal error: no input files
compilation terminated.
configure:3580: $? = 1
configure:3584: checking whether we are using the GNU C++ compiler
configure:3603: g++ -c --std=c++11  conftest.cpp >&5
configure:3603: $? = 0
configure:3612: result: yes
configure:3621: checking whether g++ accepts -g
configure:3641: g++ -c -g  conftest.cpp >&5
configure:3641: $? = 0
configure:3682: result: yes
configure:3761: checking for pkg-config
configure:3794: result: no
configure:3829: checking for ICULEHB
configure:3888: result: no
configure:3925: checking how to run the C preprocessor
configure:3956: gcc -E  conftest.c
configure:3956: $? = 0
configure:3970: gcc -E  conftest.c
conftest.c:9:10: fatal error: ac_nonexistent.h: No such file or directory
    9 | #include <ac_nonexistent.h>
      |          ^~~~~~~~~~~~~~~~~~
compilation terminated.
configure:3970: $? = 1
configure: failed program was:
| /* confdefs.h */
| #define PACKAGE_NAME "ICU"
| #define PACKAGE_TARNAME "International Components for Unicode"
| #define PACKAGE_VERSION "64.2"
| #define PACKAGE_STRING "ICU 64.2"
| #define PACKAGE_BUGREPORT "http://icu-project.org/bugs"
| #define PACKAGE_URL "http://icu-project.org"
| /* end confdefs.h.  */
| #include <ac_nonexistent.h>
configure:3995: result: gcc -E
configure:4015: gcc -E  conftest.c
configure:4015: $? = 0
configure:4029: gcc -E  conftest.c
conftest.c:9:10: fatal error: ac_nonexistent.h: No such file or directory
    9 | #include <ac_nonexistent.h>
      |          ^~~~~~~~~~~~~~~~~~
compilation terminated.
configure:4029: $? = 1
configure: failed program was:
| /* confdefs.h */
| #define PACKAGE_NAME "ICU"
| #define PACKAGE_TARNAME "International Components for Unicode"
| #define PACKAGE_VERSION "64.2"
| #define PACKAGE_STRING "ICU 64.2"
| #define PACKAGE_BUGREPORT "http://icu-project.org/bugs"
| #define PACKAGE_URL "http://icu-project.org"
| /* end confdefs.h.  */
| #include <ac_nonexistent.h>
configure:4072: checking for a BSD-compatible install
configure:4140: result: /usr/bin/install -c
configure:4172: g++ -o conftest --std=c++11   conftest.cpp  >&5
configure:4172: $? = 0
configure:4200: checking for python3
configure:4216: found /usr/bin/python3
configure:4227: result: python3
configure:4245: checking for gmake
configure:4263: found /usr/bin/gmake
configure:4275: result: /usr/bin/gmake
configure:4320: checking for doxygen
configure:4354: result: no
configure:4374: checking checking for executable suffix
configure:4381: result: 
configure:4387: checking whether strict compiling is on
configure:4403: result: yes
configure:4453: checking for grep that handles long lines and -e
configure:4511: result: /usr/bin/grep
configure:4516: checking for egrep
configure:4578: result: /usr/bin/grep -E
configure:4583: checking for ANSI C header files
configure:4603: gcc -c -Os -std=c11 -Wall -pedantic -Wshadow -Wpointer-arith -Wmissing-prototypes -Wwrite-strings  conftest.c >&5
configure:4603: $? = 0
configure:4676: gcc -o conftest -Os -std=c11 -Wall -pedantic -Wshadow -Wpointer-arith -Wmissing-prototypes -Wwrite-strings   conftest.c  >&5
configure:4676: $? = 0
configure:4676: ./conftest
configure:4676: $? = 0
configure:4687: result: yes
configure:4700: checking for sys/types.h
configure:4700: gcc -c -Os -std=c11 -Wall -pedantic -Wshadow -Wpointer-arith -Wmissing-prototypes -Wwrite-strings  conftest.c >&5
configure:4700: $? = 0
configure:4700: result: yes
configure:4700: checking for sys/stat.h
configure:4700: gcc -c -Os -std=c11 -Wall -pedantic -Wshadow -Wpointer-arith -Wmissing-prototypes -Wwrite-strings  conftest.c >&5
configure:4700: $? = 0
configure:4700: result: yes
configure:4700: checking for stdlib.h
configure:4700: gcc -c -Os -std=c11 -Wall -pedantic -Wshadow -Wpointer-arith -Wmissing-prototypes -Wwrite-strings  conftest.c >&5
configure:4700: $? = 0
configure:4700: result: yes
configure:4700: checking for string.h
configure:4700: gcc -c -Os -std=c11 -Wall -pedantic -Wshadow -Wpointer-arith -Wmissing-prototypes -Wwrite-strings  conftest.c >&5
configure:4700: $? = 0
configure:4700: result: yes
configure:4700: checking for memory.h
configure:4700: gcc -c -Os -std=c11 -Wall -pedantic -Wshadow -Wpointer-arith -Wmissing-prototypes -Wwrite-strings  conftest.c >&5
configure:4700: $? = 0
configure:4700: result: yes
configure:4700: checking for strings.h
configure:4700: gcc -c -Os -std=c11 -Wall -pedantic -Wshadow -Wpointer-arith -Wmissing-prototypes -Wwrite-strings  conftest.c >&5
configure:4700: $? = 0
configure:4700: result: yes
configure:4700: checking for inttypes.h
configure:4700: gcc -c -Os -std=c11 -Wall -pedantic -Wshadow -Wpointer-arith -Wmissing-prototypes -Wwrite-strings  conftest.c >&5
configure:4700: $? = 0
configure:4700: result: yes
configure:4700: checking for stdint.h
configure:4700: gcc -c -Os -std=c11 -Wall -pedantic -Wshadow -Wpointer-arith -Wmissing-prototypes -Wwrite-strings  conftest.c >&5
configure:4700: $? = 0
configure:4700: result: yes
configure:4700: checking for unistd.h
configure:4700: gcc -c -Os -std=c11 -Wall -pedantic -Wshadow -Wpointer-arith -Wmissing-prototypes -Wwrite-strings  conftest.c >&5
configure:4700: $? = 0
configure:4700: result: yes
configure:4749: checking size of void *
configure:4754: gcc -o conftest -Os -std=c11 -Wall -pedantic -Wshadow -Wpointer-arith -Wmissing-prototypes -Wwrite-strings   conftest.c  >&5
configure:4754: $? = 0
configure:4754: ./conftest
configure:4754: $? = 0
configure:4768: result: 8
configure:4778: checking whether runnable 64 bit binaries are built by default
configure:4835: result: yes
configure:5179: checking which Makefile fragment to use for x86_64-pc-linux-gnu
configure:5275: result: mh-linux
configure:5324: checking for floor in -lm
configure:5349: gcc -o conftest -Os -std=c11 -Wall -pedantic -Wshadow -Wpointer-arith -Wmissing-prototypes -Wwrite-strings   conftest.c -lm   >&5
conftest.c:27:6: warning: conflicting types for built-in function 'floor'; expected 'double(double)' [-Wbuiltin-declaration-mismatch]
   27 | char floor ();
      |      ^~~~~
conftest.c:1:1: note: 'floor' is declared in header '<math.h>'
    1 | /* confdefs.h */
configure:5349: $? = 0
configure:5358: result: yes
configure:5374: checking whether to build shared libraries
configure:5389: result: yes
configure:5394: checking whether to build static libraries
configure:5406: result: no
configure:5462: checking whether to enable auto cleanup of libraries
configure:5477: result: no
configure:5516: checking whether to enable draft APIs
configure:5530: result: yes
configure:5581: checking for ranlib
configure:5597: found /usr/bin/ranlib
configure:5608: result: ranlib
configure:5632: checking for a sed that does not truncate output
configure:5696: result: /usr/bin/sed
configure:5746: checking for ar
configure:5762: found /usr/bin/ar
configure:5773: result: ar
configure:5796: checking whether to enable renaming of symbols
configure:5811: result: yes
configure:5815: checking whether to enable function and data tracing
configure:5830: result: no
configure:5837: checking elf.h usability
configure:5837: gcc -c -Os -std=c11 -Wall -pedantic -Wshadow -Wpointer-arith -Wmissing-prototypes -Wwrite-strings  conftest.c >&5
configure:5837: $? = 0
configure:5837: result: yes
configure:5837: checking elf.h presence
configure:5837: gcc -E  conftest.c
configure:5837: $? = 0
configure:5837: result: yes
configure:5837: checking for elf.h
configure:5837: result: yes
configure:5880: checking whether to enable dynamic loading of plugins. Ignored if plugins disabled.
configure:5898: result: yes
configure:5905: checking dlfcn.h usability
configure:5905: gcc -c -Os -std=c11 -Wall -pedantic -Wshadow -Wpointer-arith -Wmissing-prototypes -Wwrite-strings  conftest.c >&5
configure:5905: $? = 0
configure:5905: result: yes
configure:5905: checking dlfcn.h presence
configure:5905: gcc -E  conftest.c
configure:5905: $? = 0
configure:5905: result: yes
configure:5905: checking for dlfcn.h
configure:5905: result: yes
configure:5916: checking for library containing dlopen
configure:5947: gcc -o conftest -Os -std=c11 -Wall -pedantic -Wshadow -Wpointer-arith -Wmissing-prototypes -Wwrite-strings   conftest.c -lm  >&5
configure:5947: $? = 0
configure:5964: result: none required
configure:5974: checking for dlopen
configure:5974: gcc -o conftest -Os -std=c11 -Wall -pedantic -Wshadow -Wpointer-arith -Wmissing-prototypes -Wwrite-strings   conftest.c -lm  >&5
configure:5974: $? = 0
configure:5974: result: yes
configure:5994: checking for gettimeofday
configure:5994: gcc -o conftest -Os -std=c11 -Wall -pedantic -Wshadow -Wpointer-arith -Wmissing-prototypes -Wwrite-strings   conftest.c -lm  >&5
configure:5994: $? = 0
configure:5994: result: yes
configure:6028: checking if we have a C++ compiler
configure:6041: g++ -c --std=c++11 -W -Wall -pedantic -Wpointer-arith -Wwrite-strings -Wno-long-long  conftest.cpp >&5
configure:6041: $? = 0
configure:6049: result: Good
configure:6115: checking for pthread_attr_init in -lpthread
configure:6140: gcc -o conftest -Os -std=c11 -Wall -pedantic -Wshadow -Wpointer-arith -Wmissing-prototypes -Wwrite-strings   conftest.c -lpthread  -lm  >&5
configure:6140: $? = 0
configure:6149: result: yes
configure:6353: checking for mmap
configure:6372: gcc -o conftest -Os -std=c11 -Wall -pedantic -Wshadow -Wpointer-arith -Wmissing-prototypes -Wwrite-strings   conftest.c -lpthread -lm  >&5
configure:6372: $? = 0
configure:6381: result: yes
configure:6391: checking for genccode assembly
configure:6428: result: -a gcc
configure:6434: checking for inttypes.h
configure:6434: result: yes
configure:6463: checking dirent.h usability
configure:6463: gcc -c -Os -std=c11 -Wall -pedantic -Wshadow -Wpointer-arith -Wmissing-prototypes -Wwrite-strings  conftest.c >&5
configure:6463: $? = 0
configure:6463: result: yes
configure:6463: checking dirent.h presence
configure:6463: gcc -E  conftest.c
configure:6463: $? = 0
configure:6463: result: yes
configure:6463: checking for dirent.h
configure:6463: result: yes
configure:6483: checking whether byte ordering is bigendian
configure:6498: gcc -c -Os -std=c11 -Wall -pedantic -Wshadow -Wpointer-arith -Wmissing-prototypes -Wwrite-strings  conftest.c >&5
conftest.c:29:16: error: unknown type name 'not'
   29 |                not a universal capable compiler
      |                ^~~
conftest.c:29:22: error: expected '=', ',', ';', 'asm' or '__attribute__' before 'universal'
   29 |                not a universal capable compiler
      |                      ^~~~~~~~~
conftest.c:29:22: error: unknown type name 'universal'
configure:6498: $? = 1
configure: failed program was:
| /* confdefs.h */
| #define PACKAGE_NAME "ICU"
| #define PACKAGE_TARNAME "International Components for Unicode"
| #define PACKAGE_VERSION "64.2"
| #define PACKAGE_STRING "ICU 64.2"
| #define PACKAGE_BUGREPORT "http://icu-project.org/bugs"
| #define PACKAGE_URL "http://icu-project.org"
| #define STDC_HEADERS 1
| #define HAVE_SYS_TYPES_H 1
| #define HAVE_SYS_STAT_H 1
| #define HAVE_STDLIB_H 1
| #define HAVE_STRING_H 1
| #define HAVE_MEMORY_H 1
| #define HAVE_STRINGS_H 1
| #define HAVE_INTTYPES_H 1
| #define HAVE_STDINT_H 1
| #define HAVE_UNISTD_H 1
| #define SIZEOF_VOID_P 8
| #define HAVE_LIBM 1
| #define HAVE_ELF_H 1
| #define HAVE_DLFCN_H 1
| #define HAVE_DLOPEN 1
| #define HAVE_GETTIMEOFDAY 1
| #define HAVE_LIBPTHREAD 1
| #define HAVE_INTTYPES_H 1
| #define HAVE_DIRENT_H 1
| /* end confdefs.h.  */
| #ifndef __APPLE_CC__
| 	       not a universal capable compiler
| 	     #endif
| 	     typedef int dummy;
| 
configure:6543: gcc -c -Os -std=c11 -Wall -pedantic -Wshadow -Wpointer-arith -Wmissing-prototypes -Wwrite-strings  conftest.c >&5
conftest.c: In function 'main':
conftest.c:35:15: error: unknown type name 'bogus'
   35 |               bogus endian macros
      |               ^~~~~
conftest.c:35:28: error: expected '=', ',', ';', 'asm' or '__attribute__' before 'macros'
   35 |               bogus endian macros
      |                            ^~~~~~
configure:6543: $? = 1
configure: failed program was:
| /* confdefs.h */
| #define PACKAGE_NAME "ICU"
| #define PACKAGE_TARNAME "International Components for Unicode"
| #define PACKAGE_VERSION "64.2"
| #define PACKAGE_STRING "ICU 64.2"
| #define PACKAGE_BUGREPORT "http://icu-project.org/bugs"
| #define PACKAGE_URL "http://icu-project.org"
| #define STDC_HEADERS 1
| #define HAVE_SYS_TYPES_H 1
| #define HAVE_SYS_STAT_H 1
| #define HAVE_STDLIB_H 1
| #define HAVE_STRING_H 1
| #define HAVE_MEMORY_H 1
| #define HAVE_STRINGS_H 1
| #define HAVE_INTTYPES_H 1
| #define HAVE_STDINT_H 1
| #define HAVE_UNISTD_H 1
| #define SIZEOF_VOID_P 8
| #define HAVE_LIBM 1
| #define HAVE_ELF_H 1
| #define HAVE_DLFCN_H 1
| #define HAVE_DLOPEN 1
| #define HAVE_GETTIMEOFDAY 1
| #define HAVE_LIBPTHREAD 1
| #define HAVE_INTTYPES_H 1
| #define HAVE_DIRENT_H 1
| /* end confdefs.h.  */
| #include <sys/types.h>
| 	     #include <sys/param.h>
| 
| int
| main ()
| {
| #if ! (defined BYTE_ORDER && defined BIG_ENDIAN 		     && defined LITTLE_ENDIAN && BYTE_ORDER && BIG_ENDIAN 		     && LITTLE_ENDIAN)
| 	      bogus endian macros
| 	     #endif
| 
|   ;
|   return 0;
| }
configure:6587: gcc -c -Os -std=c11 -Wall -pedantic -Wshadow -Wpointer-arith -Wmissing-prototypes -Wwrite-strings  conftest.c >&5
conftest.c: In function 'main':
conftest.c:34:15: error: unknown type name 'bogus'
   34 |               bogus endian macros
      |               ^~~~~
conftest.c:34:28: error: expected '=', ',', ';', 'asm' or '__attribute__' before 'macros'
   34 |               bogus endian macros
      |                            ^~~~~~
configure:6587: $? = 1
configure: failed program was:
| /* confdefs.h */
| #define PACKAGE_NAME "ICU"
| #define PACKAGE_TARNAME "International Components for Unicode"
| #define PACKAGE_VERSION "64.2"
| #define PACKAGE_STRING "ICU 64.2"
| #define PACKAGE_BUGREPORT "http://icu-project.org/bugs"
| #define PACKAGE_URL "http://icu-project.org"
| #define STDC_HEADERS 1
| #define HAVE_SYS_TYPES_H 1
| #define HAVE_SYS_STAT_H 1
| #define HAVE_STDLIB_H 1
| #define HAVE_STRING_H 1
| #define HAVE_MEMORY_H 1
| #define HAVE_STRINGS_H 1
| #define HAVE_INTTYPES_H 1
| #define HAVE_STDINT_H 1
| #define HAVE_UNISTD_H 1
| #define SIZEOF_VOID_P 8
| #define HAVE_LIBM 1
| #define HAVE_ELF_H 1
| #define HAVE_DLFCN_H 1
| #define HAVE_DLOPEN 1
| #define HAVE_GETTIMEOFDAY 1
| #define HAVE_LIBPTHREAD 1
| #define HAVE_INTTYPES_H 1
| #define HAVE_DIRENT_H 1
| /* end confdefs.h.  */
| #include <limits.h>
| 
| int
| main ()
| {
| #if ! (defined _LITTLE_ENDIAN || defined _BIG_ENDIAN)
| 	      bogus endian macros
| 	     #endif
| 
|   ;
|   return 0;
| }
configure:6678: gcc -o conftest -Os -std=c11 -Wall -pedantic -Wshadow -Wpointer-arith -Wmissing-prototypes -Wwrite-strings   conftest.c -lpthread -lm  >&5
configure:6678: $? = 0
configure:6678: ./conftest
configure:6678: $? = 0
configure:6689: result: no
configure:6719: checking for nl_langinfo
configure:6719: gcc -o conftest -Os -std=c11 -Wall -pedantic -Wshadow -Wpointer-arith -Wmissing-prototypes -Wwrite-strings   conftest.c -lpthread -lm  >&5
configure:6719: $? = 0
configure:6719: result: yes
configure:6727: checking for nl_langinfo's argument to obtain the codeset
configure:6745: gcc -o conftest -Os -std=c11 -Wall -pedantic -Wshadow -Wpointer-arith -Wmissing-prototypes -Wwrite-strings   conftest.c -lpthread -lm  >&5
configure:6745: $? = 0
configure:6752: result: CODESET
configure:6776: checking for namespace support
configure:6795: g++ -o conftest --std=c++11 -W -Wall -pedantic -Wpointer-arith -Wwrite-strings -Wno-long-long   conftest.cpp -lpthread -lm  >&5
configure:6795: $? = 0
configure:6804: result: yes
configure:6811: checking for properly overriding new and delete
configure:6837: g++ -o conftest --std=c++11 -W -Wall -pedantic -Wpointer-arith -Wwrite-strings -Wno-long-long   conftest.cpp -lpthread -lm  >&5
configure:6837: $? = 0
configure:6846: result: yes
configure:6851: checking for placement new and delete
configure:6877: g++ -o conftest --std=c++11 -W -Wall -pedantic -Wpointer-arith -Wwrite-strings -Wno-long-long   conftest.cpp -lpthread -lm  >&5
configure:6877: $? = 0
configure:6886: result: yes
configure:6906: checking for popen
configure:6906: gcc -o conftest -Os -std=c11 -Wall -pedantic -Wshadow -Wpointer-arith -Wmissing-prototypes -Wwrite-strings   conftest.c -lpthread -lm  >&5
configure:6906: $? = 0
configure:6906: result: yes
configure:6920: checking for tzset
configure:6920: gcc -o conftest -Os -std=c11 -Wall -pedantic -Wshadow -Wpointer-arith -Wmissing-prototypes -Wwrite-strings   conftest.c -lpthread -lm  >&5
configure:6920: $? = 0
configure:6920: result: yes
configure:6948: checking for tzname
configure:6971: gcc -o conftest -Os -std=c11 -Wall -pedantic -Wshadow -Wpointer-arith -Wmissing-prototypes -Wwrite-strings   conftest.c -lpthread -lm  >&5
conftest.c: In function 'main':
conftest.c:39:1: warning: statement with no effect [-Wunused-value]
   39 | atoi(*tzname);
      | ^~~~~~~~~~~~~
conftest.c:39:1: warning: ignoring return value of 'atoi' declared with attribute 'warn_unused_result' [-Wunused-result]
configure:6971: $? = 0
configure:6979: result: yes
configure:7023: checking for timezone
configure:7043: gcc -o conftest -Os -std=c11 -Wall -pedantic -Wshadow -Wpointer-arith -Wmissing-prototypes -Wwrite-strings   conftest.c -lpthread -lm  >&5
configure:7043: $? = 0
configure:7051: result: yes
configure:7125: checking for strtod_l
configure:7125: gcc -o conftest -Os -std=c11 -Wall -pedantic -Wshadow -Wpointer-arith -Wmissing-prototypes -Wwrite-strings   conftest.c -lpthread -lm  >&5
configure:7125: $? = 0
configure:7125: result: yes
configure:7133: checking xlocale.h usability
configure:7133: gcc -c -Os -std=c11 -Wall -pedantic -Wshadow -Wpointer-arith -Wmissing-prototypes -Wwrite-strings  conftest.c >&5
conftest.c:61:10: fatal error: xlocale.h: No such file or directory
   61 | #include <xlocale.h>
      |          ^~~~~~~~~~~
compilation terminated.
configure:7133: $? = 1
configure: failed program was:
| /* confdefs.h */
| #define PACKAGE_NAME "ICU"
| #define PACKAGE_TARNAME "International Components for Unicode"
| #define PACKAGE_VERSION "64.2"
| #define PACKAGE_STRING "ICU 64.2"
| #define PACKAGE_BUGREPORT "http://icu-project.org/bugs"
| #define PACKAGE_URL "http://icu-project.org"
| #define STDC_HEADERS 1
| #define HAVE_SYS_TYPES_H 1
| #define HAVE_SYS_STAT_H 1
| #define HAVE_STDLIB_H 1
| #define HAVE_STRING_H 1
| #define HAVE_MEMORY_H 1
| #define HAVE_STRINGS_H 1
| #define HAVE_INTTYPES_H 1
| #define HAVE_STDINT_H 1
| #define HAVE_UNISTD_H 1
| #define SIZEOF_VOID_P 8
| #define HAVE_LIBM 1
| #define HAVE_ELF_H 1
| #define HAVE_DLFCN_H 1
| #define HAVE_DLOPEN 1
| #define HAVE_GETTIMEOFDAY 1
| #define HAVE_LIBPTHREAD 1
| #define HAVE_INTTYPES_H 1
| #define HAVE_DIRENT_H 1
| /* end confdefs.h.  */
| #include <stdio.h>
| #ifdef HAVE_SYS_TYPES_H
| # include <sys/types.h>
| #endif
| #ifdef HAVE_SYS_STAT_H
| # include <sys/stat.h>
| #endif
| #ifdef STDC_HEADERS
| # include <stdlib.h>
| # include <stddef.h>
| #else
| # ifdef HAVE_STDLIB_H
| #  include <stdlib.h>
| # endif
| #endif
| #ifdef HAVE_STRING_H
| # if !defined STDC_HEADERS && defined HAVE_MEMORY_H
| #  include <memory.h>
| # endif
| # include <string.h>
| #endif
| #ifdef HAVE_STRINGS_H
| # include <strings.h>
| #endif
| #ifdef HAVE_INTTYPES_H
| # include <inttypes.h>
| #endif
| #ifdef HAVE_STDINT_H
| # include <stdint.h>
| #endif
| #ifdef HAVE_UNISTD_H
| # include <unistd.h>
| #endif
| #include <xlocale.h>
configure:7133: result: no
configure:7133: checking xlocale.h presence
configure:7133: gcc -E  conftest.c
conftest.c:28:10: fatal error: xlocale.h: No such file or directory
   28 | #include <xlocale.h>
      |          ^~~~~~~~~~~
compilation terminated.
configure:7133: $? = 1
configure: failed program was:
| /* confdefs.h */
| #define PACKAGE_NAME "ICU"
| #define PACKAGE_TARNAME "International Components for Unicode"
| #define PACKAGE_VERSION "64.2"
| #define PACKAGE_STRING "ICU 64.2"
| #define PACKAGE_BUGREPORT "http://icu-project.org/bugs"
| #define PACKAGE_URL "http://icu-project.org"
| #define STDC_HEADERS 1
| #define HAVE_SYS_TYPES_H 1
| #define HAVE_SYS_STAT_H 1
| #define HAVE_STDLIB_H 1
| #define HAVE_STRING_H 1
| #define HAVE_MEMORY_H 1
| #define HAVE_STRINGS_H 1
| #define HAVE_INTTYPES_H 1
| #define HAVE_STDINT_H 1
| #define HAVE_UNISTD_H 1
| #define SIZEOF_VOID_P 8
| #define HAVE_LIBM 1
| #define HAVE_ELF_H 1
| #define HAVE_DLFCN_H 1
| #define HAVE_DLOPEN 1
| #define HAVE_GETTIMEOFDAY 1
| #define HAVE_LIBPTHREAD 1
| #define HAVE_INTTYPES_H 1
| #define HAVE_DIRENT_H 1
| /* end confdefs.h.  */
| #include <xlocale.h>
configure:7133: result: no
configure:7133: checking for xlocale.h
configure:7133: result: no
configure:7153: checking for int8_t
configure:7153: gcc -c -Os -std=c11 -Wall -pedantic -Wshadow -Wpointer-arith -Wmissing-prototypes -Wwrite-strings  conftest.c >&5
configure:7153: $? = 0
configure:7153: gcc -c -Os -std=c11 -Wall -pedantic -Wshadow -Wpointer-arith -Wmissing-prototypes -Wwrite-strings  conftest.c >&5
conftest.c: In function 'main':
conftest.c:64:21: error: expected expression before ')' token
   64 | if (sizeof ((int8_t)))
      |                     ^
configure:7153: $? = 1
configure: failed program was:
| /* confdefs.h */
| #define PACKAGE_NAME "ICU"
| #define PACKAGE_TARNAME "International Components for Unicode"
| #define PACKAGE_VERSION "64.2"
| #define PACKAGE_STRING "ICU 64.2"
| #define PACKAGE_BUGREPORT "http://icu-project.org/bugs"
| #define PACKAGE_URL "http://icu-project.org"
| #define STDC_HEADERS 1
| #define HAVE_SYS_TYPES_H 1
| #define HAVE_SYS_STAT_H 1
| #define HAVE_STDLIB_H 1
| #define HAVE_STRING_H 1
| #define HAVE_MEMORY_H 1
| #define HAVE_STRINGS_H 1
| #define HAVE_INTTYPES_H 1
| #define HAVE_STDINT_H 1
| #define HAVE_UNISTD_H 1
| #define SIZEOF_VOID_P 8
| #define HAVE_LIBM 1
| #define HAVE_ELF_H 1
| #define HAVE_DLFCN_H 1
| #define HAVE_DLOPEN 1
| #define HAVE_GETTIMEOFDAY 1
| #define HAVE_LIBPTHREAD 1
| #define HAVE_INTTYPES_H 1
| #define HAVE_DIRENT_H 1
| /* end confdefs.h.  */
| #include <stdio.h>
| #ifdef HAVE_SYS_TYPES_H
| # include <sys/types.h>
| #endif
| #ifdef HAVE_SYS_STAT_H
| # include <sys/stat.h>
| #endif
| #ifdef STDC_HEADERS
| # include <stdlib.h>
| # include <stddef.h>
| #else
| # ifdef HAVE_STDLIB_H
| #  include <stdlib.h>
| # endif
| #endif
| #ifdef HAVE_STRING_H
| # if !defined STDC_HEADERS && defined HAVE_MEMORY_H
| #  include <memory.h>
| # endif
| # include <string.h>
| #endif
| #ifdef HAVE_STRINGS_H
| # include <strings.h>
| #endif
| #ifdef HAVE_INTTYPES_H
| # include <inttypes.h>
| #endif
| #ifdef HAVE_STDINT_H
| # include <stdint.h>
| #endif
| #ifdef HAVE_UNISTD_H
| # include <unistd.h>
| #endif
| int
| main ()
| {
| if (sizeof ((int8_t)))
| 	    return 0;
|   ;
|   return 0;
| }
configure:7153: result: yes
configure:7164: checking for uint8_t
configure:7164: gcc -c -Os -std=c11 -Wall -pedantic -Wshadow -Wpointer-arith -Wmissing-prototypes -Wwrite-strings  conftest.c >&5
configure:7164: $? = 0
configure:7164: gcc -c -Os -std=c11 -Wall -pedantic -Wshadow -Wpointer-arith -Wmissing-prototypes -Wwrite-strings  conftest.c >&5
conftest.c: In function 'main':
conftest.c:64:22: error: expected expression before ')' token
   64 | if (sizeof ((uint8_t)))
      |                      ^
configure:7164: $? = 1
configure: failed program was:
| /* confdefs.h */
| #define PACKAGE_NAME "ICU"
| #define PACKAGE_TARNAME "International Components for Unicode"
| #define PACKAGE_VERSION "64.2"
| #define PACKAGE_STRING "ICU 64.2"
| #define PACKAGE_BUGREPORT "http://icu-project.org/bugs"
| #define PACKAGE_URL "http://icu-project.org"
| #define STDC_HEADERS 1
| #define HAVE_SYS_TYPES_H 1
| #define HAVE_SYS_STAT_H 1
| #define HAVE_STDLIB_H 1
| #define HAVE_STRING_H 1
| #define HAVE_MEMORY_H 1
| #define HAVE_STRINGS_H 1
| #define HAVE_INTTYPES_H 1
| #define HAVE_STDINT_H 1
| #define HAVE_UNISTD_H 1
| #define SIZEOF_VOID_P 8
| #define HAVE_LIBM 1
| #define HAVE_ELF_H 1
| #define HAVE_DLFCN_H 1
| #define HAVE_DLOPEN 1
| #define HAVE_GETTIMEOFDAY 1
| #define HAVE_LIBPTHREAD 1
| #define HAVE_INTTYPES_H 1
| #define HAVE_DIRENT_H 1
| /* end confdefs.h.  */
| #include <stdio.h>
| #ifdef HAVE_SYS_TYPES_H
| # include <sys/types.h>
| #endif
| #ifdef HAVE_SYS_STAT_H
| # include <sys/stat.h>
| #endif
| #ifdef STDC_HEADERS
| # include <stdlib.h>
| # include <stddef.h>
| #else
| # ifdef HAVE_STDLIB_H
| #  include <stdlib.h>
| # endif
| #endif
| #ifdef HAVE_STRING_H
| # if !defined STDC_HEADERS && defined HAVE_MEMORY_H
| #  include <memory.h>
| # endif
| # include <string.h>
| #endif
| #ifdef HAVE_STRINGS_H
| # include <strings.h>
| #endif
| #ifdef HAVE_INTTYPES_H
| # include <inttypes.h>
| #endif
| #ifdef HAVE_STDINT_H
| # include <stdint.h>
| #endif
| #ifdef HAVE_UNISTD_H
| # include <unistd.h>
| #endif
| int
| main ()
| {
| if (sizeof ((uint8_t)))
| 	    return 0;
|   ;
|   return 0;
| }
configure:7164: result: yes
configure:7175: checking for int16_t
configure:7175: gcc -c -Os -std=c11 -Wall -pedantic -Wshadow -Wpointer-arith -Wmissing-prototypes -Wwrite-strings  conftest.c >&5
configure:7175: $? = 0
configure:7175: gcc -c -Os -std=c11 -Wall -pedantic -Wshadow -Wpointer-arith -Wmissing-prototypes -Wwrite-strings  conftest.c >&5
conftest.c: In function 'main':
conftest.c:64:22: error: expected expression before ')' token
   64 | if (sizeof ((int16_t)))
      |                      ^
configure:7175: $? = 1
configure: failed program was:
| /* confdefs.h */
| #define PACKAGE_NAME "ICU"
| #define PACKAGE_TARNAME "International Components for Unicode"
| #define PACKAGE_VERSION "64.2"
| #define PACKAGE_STRING "ICU 64.2"
| #define PACKAGE_BUGREPORT "http://icu-project.org/bugs"
| #define PACKAGE_URL "http://icu-project.org"
| #define STDC_HEADERS 1
| #define HAVE_SYS_TYPES_H 1
| #define HAVE_SYS_STAT_H 1
| #define HAVE_STDLIB_H 1
| #define HAVE_STRING_H 1
| #define HAVE_MEMORY_H 1
| #define HAVE_STRINGS_H 1
| #define HAVE_INTTYPES_H 1
| #define HAVE_STDINT_H 1
| #define HAVE_UNISTD_H 1
| #define SIZEOF_VOID_P 8
| #define HAVE_LIBM 1
| #define HAVE_ELF_H 1
| #define HAVE_DLFCN_H 1
| #define HAVE_DLOPEN 1
| #define HAVE_GETTIMEOFDAY 1
| #define HAVE_LIBPTHREAD 1
| #define HAVE_INTTYPES_H 1
| #define HAVE_DIRENT_H 1
| /* end confdefs.h.  */
| #include <stdio.h>
| #ifdef HAVE_SYS_TYPES_H
| # include <sys/types.h>
| #endif
| #ifdef HAVE_SYS_STAT_H
| # include <sys/stat.h>
| #endif
| #ifdef STDC_HEADERS
| # include <stdlib.h>
| # include <stddef.h>
| #else
| # ifdef HAVE_STDLIB_H
| #  include <stdlib.h>
| # endif
| #endif
| #ifdef HAVE_STRING_H
| # if !defined STDC_HEADERS && defined HAVE_MEMORY_H
| #  include <memory.h>
| # endif
| # include <string.h>
| #endif
| #ifdef HAVE_STRINGS_H
| # include <strings.h>
| #endif
| #ifdef HAVE_INTTYPES_H
| # include <inttypes.h>
| #endif
| #ifdef HAVE_STDINT_H
| # include <stdint.h>
| #endif
| #ifdef HAVE_UNISTD_H
| # include <unistd.h>
| #endif
| int
| main ()
| {
| if (sizeof ((int16_t)))
| 	    return 0;
|   ;
|   return 0;
| }
configure:7175: result: yes
configure:7186: checking for uint16_t
configure:7186: gcc -c -Os -std=c11 -Wall -pedantic -Wshadow -Wpointer-arith -Wmissing-prototypes -Wwrite-strings  conftest.c >&5
configure:7186: $? = 0
configure:7186: gcc -c -Os -std=c11 -Wall -pedantic -Wshadow -Wpointer-arith -Wmissing-prototypes -Wwrite-strings  conftest.c >&5
conftest.c: In function 'main':
conftest.c:64:23: error: expected expression before ')' token
   64 | if (sizeof ((uint16_t)))
      |                       ^
configure:7186: $? = 1
configure: failed program was:
| /* confdefs.h */
| #define PACKAGE_NAME "ICU"
| #define PACKAGE_TARNAME "International Components for Unicode"
| #define PACKAGE_VERSION "64.2"
| #define PACKAGE_STRING "ICU 64.2"
| #define PACKAGE_BUGREPORT "http://icu-project.org/bugs"
| #define PACKAGE_URL "http://icu-project.org"
| #define STDC_HEADERS 1
| #define HAVE_SYS_TYPES_H 1
| #define HAVE_SYS_STAT_H 1
| #define HAVE_STDLIB_H 1
| #define HAVE_STRING_H 1
| #define HAVE_MEMORY_H 1
| #define HAVE_STRINGS_H 1
| #define HAVE_INTTYPES_H 1
| #define HAVE_STDINT_H 1
| #define HAVE_UNISTD_H 1
| #define SIZEOF_VOID_P 8
| #define HAVE_LIBM 1
| #define HAVE_ELF_H 1
| #define HAVE_DLFCN_H 1
| #define HAVE_DLOPEN 1
| #define HAVE_GETTIMEOFDAY 1
| #define HAVE_LIBPTHREAD 1
| #define HAVE_INTTYPES_H 1
| #define HAVE_DIRENT_H 1
| /* end confdefs.h.  */
| #include <stdio.h>
| #ifdef HAVE_SYS_TYPES_H
| # include <sys/types.h>
| #endif
| #ifdef HAVE_SYS_STAT_H
| # include <sys/stat.h>
| #endif
| #ifdef STDC_HEADERS
| # include <stdlib.h>
| # include <stddef.h>
| #else
| # ifdef HAVE_STDLIB_H
| #  include <stdlib.h>
| # endif
| #endif
| #ifdef HAVE_STRING_H
| # if !defined STDC_HEADERS && defined HAVE_MEMORY_H
| #  include <memory.h>
| # endif
| # include <string.h>
| #endif
| #ifdef HAVE_STRINGS_H
| # include <strings.h>
| #endif
| #ifdef HAVE_INTTYPES_H
| # include <inttypes.h>
| #endif
| #ifdef HAVE_STDINT_H
| # include <stdint.h>
| #endif
| #ifdef HAVE_UNISTD_H
| # include <unistd.h>
| #endif
| int
| main ()
| {
| if (sizeof ((uint16_t)))
| 	    return 0;
|   ;
|   return 0;
| }
configure:7186: result: yes
configure:7197: checking for int32_t
configure:7197: gcc -c -Os -std=c11 -Wall -pedantic -Wshadow -Wpointer-arith -Wmissing-prototypes -Wwrite-strings  conftest.c >&5
configure:7197: $? = 0
configure:7197: gcc -c -Os -std=c11 -Wall -pedantic -Wshadow -Wpointer-arith -Wmissing-prototypes -Wwrite-strings  conftest.c >&5
conftest.c: In function 'main':
conftest.c:64:22: error: expected expression before ')' token
   64 | if (sizeof ((int32_t)))
      |                      ^
configure:7197: $? = 1
configure: failed program was:
| /* confdefs.h */
| #define PACKAGE_NAME "ICU"
| #define PACKAGE_TARNAME "International Components for Unicode"
| #define PACKAGE_VERSION "64.2"
| #define PACKAGE_STRING "ICU 64.2"
| #define PACKAGE_BUGREPORT "http://icu-project.org/bugs"
| #define PACKAGE_URL "http://icu-project.org"
| #define STDC_HEADERS 1
| #define HAVE_SYS_TYPES_H 1
| #define HAVE_SYS_STAT_H 1
| #define HAVE_STDLIB_H 1
| #define HAVE_STRING_H 1
| #define HAVE_MEMORY_H 1
| #define HAVE_STRINGS_H 1
| #define HAVE_INTTYPES_H 1
| #define HAVE_STDINT_H 1
| #define HAVE_UNISTD_H 1
| #define SIZEOF_VOID_P 8
| #define HAVE_LIBM 1
| #define HAVE_ELF_H 1
| #define HAVE_DLFCN_H 1
| #define HAVE_DLOPEN 1
| #define HAVE_GETTIMEOFDAY 1
| #define HAVE_LIBPTHREAD 1
| #define HAVE_INTTYPES_H 1
| #define HAVE_DIRENT_H 1
| /* end confdefs.h.  */
| #include <stdio.h>
| #ifdef HAVE_SYS_TYPES_H
| # include <sys/types.h>
| #endif
| #ifdef HAVE_SYS_STAT_H
| # include <sys/stat.h>
| #endif
| #ifdef STDC_HEADERS
| # include <stdlib.h>
| # include <stddef.h>
| #else
| # ifdef HAVE_STDLIB_H
| #  include <stdlib.h>
| # endif
| #endif
| #ifdef HAVE_STRING_H
| # if !defined STDC_HEADERS && defined HAVE_MEMORY_H
| #  include <memory.h>
| # endif
| # include <string.h>
| #endif
| #ifdef HAVE_STRINGS_H
| # include <strings.h>
| #endif
| #ifdef HAVE_INTTYPES_H
| # include <inttypes.h>
| #endif
| #ifdef HAVE_STDINT_H
| # include <stdint.h>
| #endif
| #ifdef HAVE_UNISTD_H
| # include <unistd.h>
| #endif
| int
| main ()
| {
| if (sizeof ((int32_t)))
| 	    return 0;
|   ;
|   return 0;
| }
configure:7197: result: yes
configure:7208: checking for uint32_t
configure:7208: gcc -c -Os -std=c11 -Wall -pedantic -Wshadow -Wpointer-arith -Wmissing-prototypes -Wwrite-strings  conftest.c >&5
configure:7208: $? = 0
configure:7208: gcc -c -Os -std=c11 -Wall -pedantic -Wshadow -Wpointer-arith -Wmissing-prototypes -Wwrite-strings  conftest.c >&5
conftest.c: In function 'main':
conftest.c:64:23: error: expected expression before ')' token
   64 | if (sizeof ((uint32_t)))
      |                       ^
configure:7208: $? = 1
configure: failed program was:
| /* confdefs.h */
| #define PACKAGE_NAME "ICU"
| #define PACKAGE_TARNAME "International Components for Unicode"
| #define PACKAGE_VERSION "64.2"
| #define PACKAGE_STRING "ICU 64.2"
| #define PACKAGE_BUGREPORT "http://icu-project.org/bugs"
| #define PACKAGE_URL "http://icu-project.org"
| #define STDC_HEADERS 1
| #define HAVE_SYS_TYPES_H 1
| #define HAVE_SYS_STAT_H 1
| #define HAVE_STDLIB_H 1
| #define HAVE_STRING_H 1
| #define HAVE_MEMORY_H 1
| #define HAVE_STRINGS_H 1
| #define HAVE_INTTYPES_H 1
| #define HAVE_STDINT_H 1
| #define HAVE_UNISTD_H 1
| #define SIZEOF_VOID_P 8
| #define HAVE_LIBM 1
| #define HAVE_ELF_H 1
| #define HAVE_DLFCN_H 1
| #define HAVE_DLOPEN 1
| #define HAVE_GETTIMEOFDAY 1
| #define HAVE_LIBPTHREAD 1
| #define HAVE_INTTYPES_H 1
| #define HAVE_DIRENT_H 1
| /* end confdefs.h.  */
| #include <stdio.h>
| #ifdef HAVE_SYS_TYPES_H
| # include <sys/types.h>
| #endif
| #ifdef HAVE_SYS_STAT_H
| # include <sys/stat.h>
| #endif
| #ifdef STDC_HEADERS
| # include <stdlib.h>
| # include <stddef.h>
| #else
| # ifdef HAVE_STDLIB_H
| #  include <stdlib.h>
| # endif
| #endif
| #ifdef HAVE_STRING_H
| # if !defined STDC_HEADERS && defined HAVE_MEMORY_H
| #  include <memory.h>
| # endif
| # include <string.h>
| #endif
| #ifdef HAVE_STRINGS_H
| # include <strings.h>
| #endif
| #ifdef HAVE_INTTYPES_H
| # include <inttypes.h>
| #endif
| #ifdef HAVE_STDINT_H
| # include <stdint.h>
| #endif
| #ifdef HAVE_UNISTD_H
| # include <unistd.h>
| #endif
| int
| main ()
| {
| if (sizeof ((uint32_t)))
| 	    return 0;
|   ;
|   return 0;
| }
configure:7208: result: yes
configure:7219: checking for int64_t
configure:7219: gcc -c -Os -std=c11 -Wall -pedantic -Wshadow -Wpointer-arith -Wmissing-prototypes -Wwrite-strings  conftest.c >&5
configure:7219: $? = 0
configure:7219: gcc -c -Os -std=c11 -Wall -pedantic -Wshadow -Wpointer-arith -Wmissing-prototypes -Wwrite-strings  conftest.c >&5
conftest.c: In function 'main':
conftest.c:64:22: error: expected expression before ')' token
   64 | if (sizeof ((int64_t)))
      |                      ^
configure:7219: $? = 1
configure: failed program was:
| /* confdefs.h */
| #define PACKAGE_NAME "ICU"
| #define PACKAGE_TARNAME "International Components for Unicode"
| #define PACKAGE_VERSION "64.2"
| #define PACKAGE_STRING "ICU 64.2"
| #define PACKAGE_BUGREPORT "http://icu-project.org/bugs"
| #define PACKAGE_URL "http://icu-project.org"
| #define STDC_HEADERS 1
| #define HAVE_SYS_TYPES_H 1
| #define HAVE_SYS_STAT_H 1
| #define HAVE_STDLIB_H 1
| #define HAVE_STRING_H 1
| #define HAVE_MEMORY_H 1
| #define HAVE_STRINGS_H 1
| #define HAVE_INTTYPES_H 1
| #define HAVE_STDINT_H 1
| #define HAVE_UNISTD_H 1
| #define SIZEOF_VOID_P 8
| #define HAVE_LIBM 1
| #define HAVE_ELF_H 1
| #define HAVE_DLFCN_H 1
| #define HAVE_DLOPEN 1
| #define HAVE_GETTIMEOFDAY 1
| #define HAVE_LIBPTHREAD 1
| #define HAVE_INTTYPES_H 1
| #define HAVE_DIRENT_H 1
| /* end confdefs.h.  */
| #include <stdio.h>
| #ifdef HAVE_SYS_TYPES_H
| # include <sys/types.h>
| #endif
| #ifdef HAVE_SYS_STAT_H
| # include <sys/stat.h>
| #endif
| #ifdef STDC_HEADERS
| # include <stdlib.h>
| # include <stddef.h>
| #else
| # ifdef HAVE_STDLIB_H
| #  include <stdlib.h>
| # endif
| #endif
| #ifdef HAVE_STRING_H
| # if !defined STDC_HEADERS && defined HAVE_MEMORY_H
| #  include <memory.h>
| # endif
| # include <string.h>
| #endif
| #ifdef HAVE_STRINGS_H
| # include <strings.h>
| #endif
| #ifdef HAVE_INTTYPES_H
| # include <inttypes.h>
| #endif
| #ifdef HAVE_STDINT_H
| # include <stdint.h>
| #endif
| #ifdef HAVE_UNISTD_H
| # include <unistd.h>
| #endif
| int
| main ()
| {
| if (sizeof ((int64_t)))
| 	    return 0;
|   ;
|   return 0;
| }
configure:7219: result: yes
configure:7230: checking for uint64_t
configure:7230: gcc -c -Os -std=c11 -Wall -pedantic -Wshadow -Wpointer-arith -Wmissing-prototypes -Wwrite-strings  conftest.c >&5
configure:7230: $? = 0
configure:7230: gcc -c -Os -std=c11 -Wall -pedantic -Wshadow -Wpointer-arith -Wmissing-prototypes -Wwrite-strings  conftest.c >&5
conftest.c: In function 'main':
conftest.c:64:23: error: expected expression before ')' token
   64 | if (sizeof ((uint64_t)))
      |                       ^
configure:7230: $? = 1
configure: failed program was:
| /* confdefs.h */
| #define PACKAGE_NAME "ICU"
| #define PACKAGE_TARNAME "International Components for Unicode"
| #define PACKAGE_VERSION "64.2"
| #define PACKAGE_STRING "ICU 64.2"
| #define PACKAGE_BUGREPORT "http://icu-project.org/bugs"
| #define PACKAGE_URL "http://icu-project.org"
| #define STDC_HEADERS 1
| #define HAVE_SYS_TYPES_H 1
| #define HAVE_SYS_STAT_H 1
| #define HAVE_STDLIB_H 1
| #define HAVE_STRING_H 1
| #define HAVE_MEMORY_H 1
| #define HAVE_STRINGS_H 1
| #define HAVE_INTTYPES_H 1
| #define HAVE_STDINT_H 1
| #define HAVE_UNISTD_H 1
| #define SIZEOF_VOID_P 8
| #define HAVE_LIBM 1
| #define HAVE_ELF_H 1
| #define HAVE_DLFCN_H 1
| #define HAVE_DLOPEN 1
| #define HAVE_GETTIMEOFDAY 1
| #define HAVE_LIBPTHREAD 1
| #define HAVE_INTTYPES_H 1
| #define HAVE_DIRENT_H 1
| /* end confdefs.h.  */
| #include <stdio.h>
| #ifdef HAVE_SYS_TYPES_H
| # include <sys/types.h>
| #endif
| #ifdef HAVE_SYS_STAT_H
| # include <sys/stat.h>
| #endif
| #ifdef STDC_HEADERS
| # include <stdlib.h>
| # include <stddef.h>
| #else
| # ifdef HAVE_STDLIB_H
| #  include <stdlib.h>
| # endif
| #endif
| #ifdef HAVE_STRING_H
| # if !defined STDC_HEADERS && defined HAVE_MEMORY_H
| #  include <memory.h>
| # endif
| # include <string.h>
| #endif
| #ifdef HAVE_STRINGS_H
| # include <strings.h>
| #endif
| #ifdef HAVE_INTTYPES_H
| # include <inttypes.h>
| #endif
| #ifdef HAVE_STDINT_H
| # include <stdint.h>
| #endif
| #ifdef HAVE_UNISTD_H
| # include <unistd.h>
| #endif
| int
| main ()
| {
| if (sizeof ((uint64_t)))
| 	    return 0;
|   ;
|   return 0;
| }
configure:7230: result: yes
configure:7275: checking wchar.h usability
configure:7275: gcc -c -Os -std=c11 -Wall -pedantic -Wshadow -Wpointer-arith -Wmissing-prototypes -Wwrite-strings  conftest.c >&5
configure:7275: $? = 0
configure:7275: result: yes
configure:7275: checking wchar.h presence
configure:7275: gcc -E  conftest.c
configure:7275: $? = 0
configure:7275: result: yes
configure:7275: checking for wchar.h
configure:7275: result: yes
configure:7292: checking for library containing wcscpy
configure:7323: gcc -o conftest -Os -std=c11 -Wall -pedantic -Wshadow -Wpointer-arith -Wmissing-prototypes -Wwrite-strings   conftest.c -lpthread -lm  >&5
configure:7323: $? = 0
configure:7340: result: none required
configure:7362: checking size of wchar_t
configure:7367: gcc -o conftest -Os -std=c11 -Wall -pedantic -Wshadow -Wpointer-arith -Wmissing-prototypes -Wwrite-strings   conftest.c -lpthread -lm  >&5
configure:7367: $? = 0
configure:7367: ./conftest
configure:7367: $? = 0
configure:7390: result: 4
configure:7408: checking for UTF-16 string literal support
configure:7516: gcc -c -Os -std=c11 -Wall -pedantic -Wshadow -Wpointer-arith -Wmissing-prototypes -Wwrite-strings  conftest.c >&5
conftest.c:31:29: warning: 'test' defined but not used [-Wunused-const-variable=]
   31 | static const unsigned short test[] = u"This is a UTF16 literal string.";
      |                             ^~~~
configure:7516: $? = 0
configure:7547: g++ -c --std=c++11 -W -Wall -pedantic -Wpointer-arith -Wwrite-strings -Wno-long-long  conftest.cpp >&5
configure:7547: $? = 0
configure:7568: result: available
configure:7743: checking for a library suffix to use
configure:7757: result: none
configure:8031: creating ./config.status

## ---------------------- ##
## Running config.status. ##
## ---------------------- ##

This file was extended by ICU config.status 64.2, which was
generated by GNU Autoconf 2.69.  Invocation command line was

  CONFIG_FILES    = 
  CONFIG_HEADERS  = 
  CONFIG_LINKS    = 
  CONFIG_COMMANDS = 
  $ ./config.status 

on sanyinchen

config.status:891: creating icudefs.mk
config.status:891: creating Makefile
config.status:891: creating data/pkgdataMakefile
config.status:891: creating config/Makefile.inc
config.status:891: creating config/icu.pc
config.status:891: creating config/pkgdataMakefile
config.status:891: creating data/Makefile
config.status:891: creating stubdata/Makefile
config.status:891: creating common/Makefile
config.status:891: creating i18n/Makefile
config.status:891: creating io/Makefile
config.status:891: creating extra/Makefile
config.status:891: creating extra/uconv/Makefile
config.status:891: creating extra/uconv/pkgdataMakefile
config.status:891: creating extra/scrptrun/Makefile
config.status:891: creating tools/Makefile
config.status:891: creating tools/ctestfw/Makefile
config.status:891: creating tools/toolutil/Makefile
config.status:891: creating tools/makeconv/Makefile
config.status:891: creating tools/genrb/Makefile
config.status:891: creating tools/genccode/Makefile
config.status:891: creating tools/gencmn/Makefile
config.status:891: creating tools/gencnval/Makefile
config.status:891: creating tools/gendict/Makefile
config.status:891: creating tools/gentest/Makefile
config.status:891: creating tools/gennorm2/Makefile
config.status:891: creating tools/genbrk/Makefile
config.status:891: creating tools/gensprep/Makefile
config.status:891: creating tools/icuinfo/Makefile
config.status:891: creating tools/icupkg/Makefile
config.status:891: creating tools/icuswap/Makefile
config.status:891: creating tools/pkgdata/Makefile
config.status:891: creating tools/tzcode/Makefile
config.status:891: creating tools/gencfu/Makefile
config.status:891: creating tools/escapesrc/Makefile
config.status:891: creating samples/Makefile
config.status:891: creating samples/date/Makefile
config.status:891: creating samples/cal/Makefile
config.status:891: creating samples/layout/Makefile
configure:9153: checking the version of "/usr/bin/gmake"
configure:9156: result: ok

## ---------------- ##
## Cache variables. ##
## ---------------- ##

ac_cv_build=x86_64-pc-linux-gnu
ac_cv_c_bigendian=no
ac_cv_c_compiler_gnu=yes
ac_cv_cxx_compiler_gnu=yes
ac_cv_env_CCC_set=
ac_cv_env_CCC_value=
ac_cv_env_CC_set=
ac_cv_env_CC_value=
ac_cv_env_CFLAGS_set=set
ac_cv_env_CFLAGS_value=-Os
ac_cv_env_CPPFLAGS_set=
ac_cv_env_CPPFLAGS_value=
ac_cv_env_CPP_set=
ac_cv_env_CPP_value=
ac_cv_env_CXXFLAGS_set=set
ac_cv_env_CXXFLAGS_value=--std=c++11
ac_cv_env_CXX_set=
ac_cv_env_CXX_value=
ac_cv_env_ICULEHB_CFLAGS_set=
ac_cv_env_ICULEHB_CFLAGS_value=
ac_cv_env_ICULEHB_LIBS_set=
ac_cv_env_ICULEHB_LIBS_value=
ac_cv_env_LDFLAGS_set=
ac_cv_env_LDFLAGS_value=
ac_cv_env_LIBS_set=
ac_cv_env_LIBS_value=
ac_cv_env_PKG_CONFIG_LIBDIR_set=
ac_cv_env_PKG_CONFIG_LIBDIR_value=
ac_cv_env_PKG_CONFIG_PATH_set=
ac_cv_env_PKG_CONFIG_PATH_value=
ac_cv_env_PKG_CONFIG_set=
ac_cv_env_PKG_CONFIG_value=
ac_cv_env_build_alias_set=
ac_cv_env_build_alias_value=
ac_cv_env_host_alias_set=
ac_cv_env_host_alias_value=
ac_cv_env_target_alias_set=
ac_cv_env_target_alias_value=
ac_cv_func_dlopen=yes
ac_cv_func_gettimeofday=yes
ac_cv_func_mmap_ok=yes
ac_cv_func_nl_langinfo=yes
ac_cv_func_popen=yes
ac_cv_func_strtod_l=yes
ac_cv_func_tzset=yes
ac_cv_header_dirent_h=yes
ac_cv_header_dlfcn_h=yes
ac_cv_header_elf_h=yes
ac_cv_header_inttypes_h=yes
ac_cv_header_memory_h=yes
ac_cv_header_stdc=yes
ac_cv_header_stdint_h=yes
ac_cv_header_stdlib_h=yes
ac_cv_header_string_h=yes
ac_cv_header_strings_h=yes
ac_cv_header_sys_stat_h=yes
ac_cv_header_sys_types_h=yes
ac_cv_header_unistd_h=yes
ac_cv_header_wchar_h=yes
ac_cv_header_xlocale_h=no
ac_cv_host=x86_64-pc-linux-gnu
ac_cv_lib_m_floor=yes
ac_cv_lib_pthread_pthread_attr_init=yes
ac_cv_namespace_ok=yes
ac_cv_nl_langinfo_codeset=CODESET
ac_cv_objext=o
ac_cv_override_cxx_allocation_ok=yes
ac_cv_override_placement_new_ok=yes
ac_cv_path_EGREP='/usr/bin/grep -E'
ac_cv_path_GREP=/usr/bin/grep
ac_cv_path_SED=/usr/bin/sed
ac_cv_path_U_MAKE=/usr/bin/gmake
ac_cv_path_install='/usr/bin/install -c'
ac_cv_prog_CPP='gcc -E'
ac_cv_prog_PYTHON=python3
ac_cv_prog_ac_ct_AR=ar
ac_cv_prog_ac_ct_CC=gcc
ac_cv_prog_ac_ct_CXX=g++
ac_cv_prog_ac_ct_RANLIB=ranlib
ac_cv_prog_cc_c89=
ac_cv_prog_cc_g=yes
ac_cv_prog_cxx_g=yes
ac_cv_search_dlopen='none required'
ac_cv_search_wcscpy='none required'
ac_cv_sizeof_void_p=8
ac_cv_sizeof_wchar_t=4
ac_cv_type_int16_t=yes
ac_cv_type_int32_t=yes
ac_cv_type_int64_t=yes
ac_cv_type_int8_t=yes
ac_cv_type_uint16_t=yes
ac_cv_type_uint32_t=yes
ac_cv_type_uint64_t=yes
ac_cv_type_uint8_t=yes
ac_cv_var_timezone=yes
ac_cv_var_tzname=yes
icu_cv_host_frag=mh-linux

## ----------------- ##
## Output variables. ##
## ----------------- ##

AR='ar'
ARFLAGS=''
CC='gcc'
CFLAGS='-Os -std=c11 -Wall -pedantic -Wshadow -Wpointer-arith -Wmissing-prototypes -Wwrite-strings $(THREADSCFLAGS) '
COMPILE_LINK_ENVVAR=''
CPP='gcc -E'
CPPFLAGS=' $(THREADSCPPFLAGS)  -DU_HAVE_ELF_H=1 -DU_HAVE_STRTOD_L=1 -DU_HAVE_XLOCALE_H=0 '
CXX='g++'
CXXFLAGS='--std=c++11 -W -Wall -pedantic -Wpointer-arith -Wwrite-strings -Wno-long-long $(THREADSCXXFLAGS) '
DATA_PACKAGING_MODE='dll'
DEFS='-DPACKAGE_NAME=\"ICU\" -DPACKAGE_TARNAME=\"International\ Components\ for\ Unicode\" -DPACKAGE_VERSION=\"64.2\" -DPACKAGE_STRING=\"ICU\ 64.2\" -DPACKAGE_BUGREPORT=\"http://icu-project.org/bugs\" -DPACKAGE_URL=\"http://icu-project.org\" -DSTDC_HEADERS=1 -DHAVE_SYS_TYPES_H=1 -DHAVE_SYS_STAT_H=1 -DHAVE_STDLIB_H=1 -DHAVE_STRING_H=1 -DHAVE_MEMORY_H=1 -DHAVE_STRINGS_H=1 -DHAVE_INTTYPES_H=1 -DHAVE_STDINT_H=1 -DHAVE_UNISTD_H=1 -DSIZEOF_VOID_P=8 -DHAVE_LIBM=1 -DHAVE_ELF_H=1 -DHAVE_DLFCN_H=1 -DHAVE_DLOPEN=1 -DHAVE_GETTIMEOFDAY=1 -DHAVE_LIBPTHREAD=1 -DHAVE_INTTYPES_H=1 -DHAVE_DIRENT_H=1 -DHAVE_WCHAR_H=1 -DSIZEOF_WCHAR_T=4'
DOXYGEN=''
ECHO_C=''
ECHO_N='-n'
ECHO_T=''
EGREP='/usr/bin/grep -E'
ENABLE_DEBUG='0'
ENABLE_RELEASE='1'
ENABLE_RPATH='NO'
ENABLE_SHARED='YES'
ENABLE_STATIC=''
EXEEXT=''
EXTRAS_TRUE=''
GENCCODE_ASSEMBLY='-a gcc'
GREP='/usr/bin/grep'
HAVE_MMAP='1'
ICUDATA_CHAR='l'
ICUIO_TRUE=''
ICULEHB_CFLAGS=''
ICULEHB_LIBS=''
ICULIBSUFFIX=''
ICULIBSUFFIXCNAME=''
ICU_ECHO_C=''
ICU_ECHO_N='-n'
ICU_ECHO_T=''
INSTALL_DATA='${INSTALL} -m 644'
INSTALL_ICU_CONFIG='true'
INSTALL_PROGRAM='${INSTALL}'
INSTALL_SCRIPT='${INSTALL}'
LAYOUTEX_TRUE='#'
LDFLAGS=''
LIBCFLAGS=''
LIBCXXFLAGS=''
LIBOBJS=''
LIBS='-lpthread -lm '
LIB_M=''
LIB_THREAD=''
LIB_VERSION='64.2'
LIB_VERSION_MAJOR='64'
LTLIBOBJS=''
OBJEXT='o'
PACKAGE='icu'
PACKAGE_BUGREPORT='http://icu-project.org/bugs'
PACKAGE_NAME='ICU'
PACKAGE_STRING='ICU 64.2'
PACKAGE_TARNAME='International Components for Unicode'
PACKAGE_URL='http://icu-project.org'
PACKAGE_VERSION='64.2'
PATH_SEPARATOR=':'
PKG_CONFIG=''
PKG_CONFIG_LIBDIR=''
PKG_CONFIG_PATH=''
PLUGINS_TRUE='#'
PYTHON='python3'
RANLIB='ranlib'
SAMPLES_TRUE='#'
SED='/usr/bin/sed'
SHELL='/bin/bash'
TESTS_TRUE='#'
TOOLS_TRUE=''
UCLN_NO_AUTO_CLEANUP='1'
UCONFIG_CFLAGS=''
UCONFIG_CPPFLAGS=''
UCONFIG_CXXFLAGS=''
UNICODE_VERSION='12.1'
U_DEFAULT_SHOW_DRAFT='1'
U_DISABLE_RENAMING='0'
U_ENABLE_DYLOAD='1'
U_ENABLE_TRACING='0'
U_HAVE_DIRENT_H='1'
U_HAVE_EXTRAS='1'
U_HAVE_ICUIO='1'
U_HAVE_INTTYPES_H='1'
U_HAVE_LAYOUTEX='0'
U_HAVE_LIB_SUFFIX='0'
U_HAVE_NL_LANGINFO_CODESET='1'
U_HAVE_PLACEMENT_NEW='1'
U_HAVE_PLUGINS='0'
U_HAVE_POPEN='1'
U_HAVE_SAMPLES='0'
U_HAVE_STRTOD_L='1'
U_HAVE_TESTS='0'
U_HAVE_TIMEZONE='1'
U_HAVE_TOOLS='1'
U_HAVE_TZNAME='1'
U_HAVE_TZSET='1'
U_HAVE_WCHAR_H='1'
U_HAVE_WCSCPY='1'
U_IS_BIG_ENDIAN='0'
U_MAKE='/usr/bin/gmake'
U_NL_LANGINFO_CODESET='CODESET'
U_OVERRIDE_CXX_ALLOCATION='1'
U_TIMEZONE='timezone'
U_TZNAME='tzname'
U_TZSET='tzset'
VERSION='64.2'
ac_ct_CC='gcc'
ac_ct_CXX='g++'
bindir='${exec_prefix}/bin'
build='x86_64-pc-linux-gnu'
build_alias=''
build_cpu='x86_64'
build_os='linux-gnu'
build_vendor='pc'
cross_buildroot=''
cross_compiling='no'
datadir='${datarootdir}'
datarootdir='${prefix}/share'
docdir='${datarootdir}/doc/${PACKAGE_TARNAME}'
dvidir='${docdir}'
exec_prefix='${prefix}'
host='x86_64-pc-linux-gnu'
host_alias=''
host_cpu='x86_64'
host_os='linux-gnu'
host_vendor='pc'
htmldir='${docdir}'
includedir='${prefix}/include'
infodir='${datarootdir}/info'
libdir='${exec_prefix}/lib'
libexecdir='${exec_prefix}/libexec'
localedir='${datarootdir}/locale'
localstatedir='${prefix}/var'
mandir='${datarootdir}/man'
oldincludedir='/usr/include'
pdfdir='${docdir}'
pkgicudatadir='${datarootdir}'
platform='U_LINUX'
platform_make_fragment='$(top_srcdir)/config/mh-linux'
platform_make_fragment_name='mh-linux'
prefix='/mnt/extra/worksapce/github/jsc-android-buildscripts/build/target/icu/host/prebuilts'
program_transform_name='s,x,x,'
psdir='${docdir}'
sbindir='${exec_prefix}/sbin'
sharedstatedir='${prefix}/com'
sysconfdir='${prefix}/etc'
target_alias=''
thepkgicudatadir='${prefix}/share'

## ----------- ##
## confdefs.h. ##
## ----------- ##

/* confdefs.h */
#define PACKAGE_NAME "ICU"
#define PACKAGE_TARNAME "International Components for Unicode"
#define PACKAGE_VERSION "64.2"
#define PACKAGE_STRING "ICU 64.2"
#define PACKAGE_BUGREPORT "http://icu-project.org/bugs"
#define PACKAGE_URL "http://icu-project.org"
#define STDC_HEADERS 1
#define HAVE_SYS_TYPES_H 1
#define HAVE_SYS_STAT_H 1
#define HAVE_STDLIB_H 1
#define HAVE_STRING_H 1
#define HAVE_MEMORY_H 1
#define HAVE_STRINGS_H 1
#define HAVE_INTTYPES_H 1
#define HAVE_STDINT_H 1
#define HAVE_UNISTD_H 1
#define SIZEOF_VOID_P 8
#define HAVE_LIBM 1
#define HAVE_ELF_H 1
#define HAVE_DLFCN_H 1
#define HAVE_DLOPEN 1
#define HAVE_GETTIMEOFDAY 1
#define HAVE_LIBPTHREAD 1
#define HAVE_INTTYPES_H 1
#define HAVE_DIRENT_H 1
#define HAVE_WCHAR_H 1
#define SIZEOF_WCHAR_T 4

configure: exit 0

## ---------------------- ##
## Running config.status. ##
## ---------------------- ##

This file was extended by ICU config.status 64.2, which was
generated by GNU Autoconf 2.69.  Invocation command line was

  CONFIG_FILES    = common/Makefile
  CONFIG_HEADERS  = 
  CONFIG_LINKS    = 
  CONFIG_COMMANDS = 
  $ ./config.status 

on sanyinchen

config.status:891: creating common/Makefile

## ---------------------- ##
## Running config.status. ##
## ---------------------- ##

This file was extended by ICU config.status 64.2, which was
generated by GNU Autoconf 2.69.  Invocation command line was

  CONFIG_FILES    = tools/makeconv/makeconv.1
  CONFIG_HEADERS  = 
  CONFIG_LINKS    = 
  CONFIG_COMMANDS = 
  $ ./config.status 

on sanyinchen

config.status:891: creating tools/makeconv/makeconv.1

## ---------------------- ##
## Running config.status. ##
## ---------------------- ##

This file was extended by ICU config.status 64.2, which was
generated by GNU Autoconf 2.69.  Invocation command line was

  CONFIG_FILES    = tools/genrb/derb.1
  CONFIG_HEADERS  = 
  CONFIG_LINKS    = 
  CONFIG_COMMANDS = 
  $ ./config.status 

on sanyinchen

config.status:891: creating tools/genrb/derb.1

## ---------------------- ##
## Running config.status. ##
## ---------------------- ##

This file was extended by ICU config.status 64.2, which was
generated by GNU Autoconf 2.69.  Invocation command line was

  CONFIG_FILES    = tools/genrb/genrb.1
  CONFIG_HEADERS  = 
  CONFIG_LINKS    = 
  CONFIG_COMMANDS = 
  $ ./config.status 

on sanyinchen

config.status:891: creating tools/genrb/genrb.1

## ---------------------- ##
## Running config.status. ##
## ---------------------- ##

This file was extended by ICU config.status 64.2, which was
generated by GNU Autoconf 2.69.  Invocation command line was

  CONFIG_FILES    = tools/genbrk/genbrk.1
  CONFIG_HEADERS  = 
  CONFIG_LINKS    = 
  CONFIG_COMMANDS = 
  $ ./config.status 

on sanyinchen

config.status:891: creating tools/genbrk/genbrk.1

## ---------------------- ##
## Running config.status. ##
## ---------------------- ##

This file was extended by ICU config.status 64.2, which was
generated by GNU Autoconf 2.69.  Invocation command line was

  CONFIG_FILES    = tools/gencnval/gencnval.1
  CONFIG_HEADERS  = 
  CONFIG_LINKS    = 
  CONFIG_COMMANDS = 
  $ ./config.status 

on sanyinchen

config.status:891: creating tools/gencnval/gencnval.1

## ---------------------- ##
## Running config.status. ##
## ---------------------- ##

This file was extended by ICU config.status 64.2, which was
generated by GNU Autoconf 2.69.  Invocation command line was

  CONFIG_FILES    = tools/gensprep/gensprep.8
  CONFIG_HEADERS  = 
  CONFIG_LINKS    = 
  CONFIG_COMMANDS = 
  $ ./config.status 

on sanyinchen

config.status:891: creating tools/gensprep/gensprep.8

## ---------------------- ##
## Running config.status. ##
## ---------------------- ##

This file was extended by ICU config.status 64.2, which was
generated by GNU Autoconf 2.69.  Invocation command line was

  CONFIG_FILES    = tools/genccode/genccode.8
  CONFIG_HEADERS  = 
  CONFIG_LINKS    = 
  CONFIG_COMMANDS = 
  $ ./config.status 

on sanyinchen

config.status:891: creating tools/genccode/genccode.8

## ---------------------- ##
## Running config.status. ##
## ---------------------- ##

This file was extended by ICU config.status 64.2, which was
generated by GNU Autoconf 2.69.  Invocation command line was

  CONFIG_FILES    = tools/gencmn/gencmn.8
  CONFIG_HEADERS  = 
  CONFIG_LINKS    = 
  CONFIG_COMMANDS = 
  $ ./config.status 

on sanyinchen

config.status:891: creating tools/gencmn/gencmn.8

## ---------------------- ##
## Running config.status. ##
## ---------------------- ##

This file was extended by ICU config.status 64.2, which was
generated by GNU Autoconf 2.69.  Invocation command line was

  CONFIG_FILES    = tools/icupkg/icupkg.8
  CONFIG_HEADERS  = 
  CONFIG_LINKS    = 
  CONFIG_COMMANDS = 
  $ ./config.status 

on sanyinchen

config.status:891: creating tools/icupkg/icupkg.8

## ---------------------- ##
## Running config.status. ##
## ---------------------- ##

This file was extended by ICU config.status 64.2, which was
generated by GNU Autoconf 2.69.  Invocation command line was

  CONFIG_FILES    = tools/pkgdata/pkgdata.1
  CONFIG_HEADERS  = 
  CONFIG_LINKS    = 
  CONFIG_COMMANDS = 
  $ ./config.status 

on sanyinchen

config.status:891: creating tools/pkgdata/pkgdata.1

## ---------------------- ##
## Running config.status. ##
## ---------------------- ##

This file was extended by ICU config.status 64.2, which was
generated by GNU Autoconf 2.69.  Invocation command line was

  CONFIG_FILES    = tools/gencfu/gencfu.1
  CONFIG_HEADERS  = 
  CONFIG_LINKS    = 
  CONFIG_COMMANDS = 
  $ ./config.status 

on sanyinchen

config.status:891: creating tools/gencfu/gencfu.1

## ---------------------- ##
## Running config.status. ##
## ---------------------- ##

This file was extended by ICU config.status 64.2, which was
generated by GNU Autoconf 2.69.  Invocation command line was

  CONFIG_FILES    = tools/gendict/gendict.1
  CONFIG_HEADERS  = 
  CONFIG_LINKS    = 
  CONFIG_COMMANDS = 
  $ ./config.status 

on sanyinchen

config.status:891: creating tools/gendict/gendict.1

## ---------------------- ##
## Running config.status. ##
## ---------------------- ##

This file was extended by ICU config.status 64.2, which was
generated by GNU Autoconf 2.69.  Invocation command line was

  CONFIG_FILES    = extra/uconv/uconv.1
  CONFIG_HEADERS  = 
  CONFIG_LINKS    = 
  CONFIG_COMMANDS = 
  $ ./config.status 

on sanyinchen

config.status:891: creating extra/uconv/uconv.1
